[debug] [2024-01-24T06:17:58.632Z] ----------------------------------------------------------------------
[debug] [2024-01-24T06:17:58.634Z] Command:       C:\Program Files\nodejs\node.exe C:\Users\Ankit\AppData\Roaming\npm\node_modules\firebase-tools\lib\bin\firebase.js init
[debug] [2024-01-24T06:17:58.635Z] CLI Version:   13.0.3
[debug] [2024-01-24T06:17:58.635Z] Platform:      win32
[debug] [2024-01-24T06:17:58.635Z] Node Version:  v20.9.0
[debug] [2024-01-24T06:17:58.635Z] Time:          Wed Jan 24 2024 11:47:58 GMT+0530 (India Standard Time)
[debug] [2024-01-24T06:17:58.635Z] ----------------------------------------------------------------------
[debug] 
[debug] [2024-01-24T06:17:58.641Z] > command requires scopes: ["email","openid","https://www.googleapis.com/auth/cloudplatformprojects.readonly","https://www.googleapis.com/auth/firebase","https://www.googleapis.com/auth/cloud-platform"]
[debug] [2024-01-24T06:17:58.642Z] > authorizing via signed-in user (asinghchauhan25@gmail.com)
[info] 
     ######## #### ########  ######## ########     ###     ######  ########
     ##        ##  ##     ## ##       ##     ##  ##   ##  ##       ##
     ######    ##  ########  ######   ########  #########  ######  ######
     ##        ##  ##    ##  ##       ##     ## ##     ##       ## ##
     ##       #### ##     ## ######## ########  ##     ##  ######  ########

You're about to initialize a Firebase project in this directory:

  C:\Users\Ankit\Documents\GitHub\PlotPalette\frontend

[info] 
=== Project Setup
[info] 
[info] First, let's associate this project directory with a Firebase project.
[info] You can create multiple project aliases by running firebase use --add, 
[info] but for now we'll just set up a default project.
[info] 
[debug] [2024-01-24T06:21:28.546Z] >>> [apiv2][query] GET https://firebase.googleapis.com/v1beta1/projects pageSize=100
[debug] [2024-01-24T06:21:29.145Z] <<< [apiv2][status] GET https://firebase.googleapis.com/v1beta1/projects 200
[debug] [2024-01-24T06:21:29.145Z] <<< [apiv2][body] GET https://firebase.googleapis.com/v1beta1/projects [omitted]
[info] i  Using project plotpalette-3f560 (PlotPalette) 
[info] 
=== Database Setup
[info] i  database: ensuring required API firebasedatabase.googleapis.com is enabled... 
[debug] [2024-01-24T06:21:32.497Z] >>> [apiv2][query] GET https://serviceusage.googleapis.com/v1/projects/plotpalette-3f560/services/firebasedatabase.googleapis.com [none]
[debug] [2024-01-24T06:21:32.497Z] >>> [apiv2][(partial)header] GET https://serviceusage.googleapis.com/v1/projects/plotpalette-3f560/services/firebasedatabase.googleapis.com x-goog-quota-user=projects/plotpalette-3f560
[debug] [2024-01-24T06:21:34.631Z] <<< [apiv2][status] GET https://serviceusage.googleapis.com/v1/projects/plotpalette-3f560/services/firebasedatabase.googleapis.com 200
[debug] [2024-01-24T06:21:34.631Z] <<< [apiv2][body] GET https://serviceusage.googleapis.com/v1/projects/plotpalette-3f560/services/firebasedatabase.googleapis.com [omitted]
[warn] !  database: missing required API firebasedatabase.googleapis.com. Enabling now... 
[debug] [2024-01-24T06:21:34.632Z] >>> [apiv2][query] POST https://serviceusage.googleapis.com/v1/projects/plotpalette-3f560/services/firebasedatabase.googleapis.com:enable [none]
[debug] [2024-01-24T06:21:34.633Z] >>> [apiv2][(partial)header] POST https://serviceusage.googleapis.com/v1/projects/plotpalette-3f560/services/firebasedatabase.googleapis.com:enable x-goog-quota-user=projects/plotpalette-3f560
[debug] [2024-01-24T06:21:35.285Z] <<< [apiv2][status] POST https://serviceusage.googleapis.com/v1/projects/plotpalette-3f560/services/firebasedatabase.googleapis.com:enable 200
[debug] [2024-01-24T06:21:35.285Z] <<< [apiv2][body] POST https://serviceusage.googleapis.com/v1/projects/plotpalette-3f560/services/firebasedatabase.googleapis.com:enable [omitted]
[debug] [2024-01-24T06:21:45.298Z] >>> [apiv2][query] GET https://serviceusage.googleapis.com/v1/projects/plotpalette-3f560/services/firebasedatabase.googleapis.com [none]
[debug] [2024-01-24T06:21:45.299Z] >>> [apiv2][(partial)header] GET https://serviceusage.googleapis.com/v1/projects/plotpalette-3f560/services/firebasedatabase.googleapis.com x-goog-quota-user=projects/plotpalette-3f560
[debug] [2024-01-24T06:21:47.181Z] <<< [apiv2][status] GET https://serviceusage.googleapis.com/v1/projects/plotpalette-3f560/services/firebasedatabase.googleapis.com 200
[debug] [2024-01-24T06:21:47.181Z] <<< [apiv2][body] GET https://serviceusage.googleapis.com/v1/projects/plotpalette-3f560/services/firebasedatabase.googleapis.com [omitted]
[info] +  database: required API firebasedatabase.googleapis.com is enabled 
[info] 
[debug] [2024-01-24T06:21:47.185Z] >>> [apiv2][query] GET https://firebase.googleapis.com/v1beta1/projects/plotpalette-3f560 [none]
[debug] [2024-01-24T06:21:47.584Z] <<< [apiv2][status] GET https://firebase.googleapis.com/v1beta1/projects/plotpalette-3f560 200
[debug] [2024-01-24T06:21:47.584Z] <<< [apiv2][body] GET https://firebase.googleapis.com/v1beta1/projects/plotpalette-3f560 {"projectId":"plotpalette-3f560","projectNumber":"770900841117","displayName":"PlotPalette","name":"projects/plotpalette-3f560","resources":{"hostingSite":"plotpalette-3f560"},"state":"ACTIVE","etag":"1_b512082e-2bb3-471e-a7dd-bb7611f54375"}
[info] 
[info] Firebase Realtime Database Security Rules allow you to define how your data should be
[info] structured and when your data can be read from and written to.
[info] 
